<html>
<head>
<title>TestNG:  Regression</title>
<link href="../testng.css" rel="stylesheet" type="text/css" />
<link href="../my-testng.css" rel="stylesheet" type="text/css" />

<style type="text/css">
.log { display: none;} 
.stack-trace { display: none;} 
</style>
<script type="text/javascript">
<!--
function flip(e) {
  current = e.style.display;
  if (current == 'block') {
    e.style.display = 'none';
    return 0;
  }
  else {
    e.style.display = 'block';
    return 1;
  }
}

function toggleBox(szDivId, elem, msg1, msg2)
{
  var res = -1;  if (document.getElementById) {
    res = flip(document.getElementById(szDivId));
  }
  else if (document.all) {
    // this is the way old msie versions work
    res = flip(document.all[szDivId]);
  }
  if(elem) {
    if(res == 0) elem.innerHTML = msg1; else elem.innerHTML = msg2;
  }

}

function toggleAllBoxes() {
  if (document.getElementsByTagName) {
    d = document.getElementsByTagName('div');
    for (i = 0; i < d.length; i++) {
      if (d[i].className == 'log') {
        flip(d[i]);
      }
    }
  }
}

// -->
</script>

</head>
<body>
<h2 align='center'>Regression</h2><table border='1' align="center">
<tr>
<td>Tests passed/Failed/Skipped:</td><td>7/1/0</td>
</tr><tr>
<td>Started on:</td><td>Thu Oct 06 12:54:51 EDT 2022</td>
</tr>
<tr><td>Total time:</td><td>164 seconds (164824 ms)</td>
</tr><tr>
<td>Included groups:</td><td>Regression </td>
</tr><tr>
<td>Excluded groups:</td><td></td>
</tr>
</table><p/>
<small><i>(Hover the method name to see the test class name)</i></small><p/>
<table width='100%' border='1' class='invocation-failed'>
<tr><td colspan='4' align='center'><b>FAILED TESTS</b></td></tr>
<tr><td><b>Test method</b></td>
<td><b>Attribute(s)</b></td>
<td width="30%"><b>Exception</b></td>
<td width="10%"><b>Time (seconds)</b></td>
<td><b>Instance</b></td>
</tr>
<tr>
<td title='com.testcases.AccountCreation_Test.test_AccountCreation()'><b>test_AccountCreation</b><br>Test class: com.testcases.AccountCreation_Test<br>Parameters: {Zip=11256, Company=MatchPoint, Email=SamUccchenik1998@gmail.com, Address=SeaGate Ocean Ave 1215, FirstName=Sam, Gender=Mr, City=Brooklyn, Month=16, MobileNumber=917-520-5024, Year=1998, State=New York, Country=United States, LastName=Uchenik, SetPassword=SammySea98, Day=3}</td>
<td><div><pre>java.lang.AssertionError: expected [http://automationpractice.com/index.php?controller=authentication] but found [http://automationpractice.com/index.php?controller=my-account]
	at com.testcases.AccountCreation_Test.test_AccountCreation(AccountCreation_Test.java:72)
	at java.base/java.util.ArrayList.forEach(ArrayList.java:1541)
... Removed 33 stack frames</pre></div><a href='#' onClick='toggleBox("stack-trace394124580", this, "Click to show all stack frames", "Click to hide stack frames")'>Click to show all stack frames</a>
<div class='stack-trace' id='stack-trace394124580'><pre>java.lang.AssertionError: expected [http://automationpractice.com/index.php?controller=authentication] but found [http://automationpractice.com/index.php?controller=my-account]
	at org.testng.Assert.fail(Assert.java:110)
	at org.testng.Assert.failNotEquals(Assert.java:1413)
	at org.testng.Assert.assertEqualsImpl(Assert.java:149)
	at org.testng.Assert.assertEquals(Assert.java:131)
	at org.testng.Assert.assertEquals(Assert.java:655)
	at org.testng.Assert.assertEquals(Assert.java:665)
	at com.testcases.AccountCreation_Test.test_AccountCreation(AccountCreation_Test.java:72)
	at java.base/jdk.internal.reflect.NativeMethodAccessorImpl.invoke0(Native Method)
	at java.base/jdk.internal.reflect.NativeMethodAccessorImpl.invoke(NativeMethodAccessorImpl.java:62)
	at java.base/jdk.internal.reflect.DelegatingMethodAccessorImpl.invoke(DelegatingMethodAccessorImpl.java:43)
	at java.base/java.lang.reflect.Method.invoke(Method.java:566)
	at org.testng.internal.invokers.MethodInvocationHelper.invokeMethod(MethodInvocationHelper.java:139)
	at org.testng.internal.invokers.TestInvoker.invokeMethod(TestInvoker.java:677)
	at org.testng.internal.invokers.TestInvoker.invokeTestMethod(TestInvoker.java:221)
	at org.testng.internal.invokers.MethodRunner.runInSequence(MethodRunner.java:50)
	at org.testng.internal.invokers.TestInvoker$MethodInvocationAgent.invoke(TestInvoker.java:962)
	at org.testng.internal.invokers.TestInvoker.invokeTestMethods(TestInvoker.java:194)
	at org.testng.internal.invokers.TestMethodWorker.invokeTestMethods(TestMethodWorker.java:148)
	at org.testng.internal.invokers.TestMethodWorker.run(TestMethodWorker.java:128)
	at java.base/java.util.ArrayList.forEach(ArrayList.java:1541)
	at org.testng.TestRunner.privateRun(TestRunner.java:806)
	at org.testng.TestRunner.run(TestRunner.java:601)
	at org.testng.SuiteRunner.runTest(SuiteRunner.java:433)
	at org.testng.SuiteRunner.runSequentially(SuiteRunner.java:427)
	at org.testng.SuiteRunner.privateRun(SuiteRunner.java:387)
	at org.testng.SuiteRunner.run(SuiteRunner.java:330)
	at org.testng.SuiteRunnerWorker.runSuite(SuiteRunnerWorker.java:52)
	at org.testng.SuiteRunnerWorker.run(SuiteRunnerWorker.java:95)
	at org.testng.TestNG.runSuitesSequentially(TestNG.java:1256)
	at org.testng.TestNG.runSuitesLocally(TestNG.java:1176)
	at org.testng.TestNG.runSuites(TestNG.java:1099)
	at org.testng.TestNG.run(TestNG.java:1067)
	at org.testng.remote.AbstractRemoteTestNG.run(AbstractRemoteTestNG.java:115)
	at org.testng.remote.RemoteTestNG.initAndRun(RemoteTestNG.java:251)
	at org.testng.remote.RemoteTestNG.main(RemoteTestNG.java:77)
</pre></div></td>
<td>25</td>
<td>com.testcases.AccountCreation_Test@35dab4eb</td></tr>
</table><p>
<table width='100%' border='1' class='invocation-passed'>
<tr><td colspan='4' align='center'><b>PASSED TESTS</b></td></tr>
<tr><td><b>Test method</b></td>
<td><b>Attribute(s)</b></td>
<td width="30%"><b>Exception</b></td>
<td width="10%"><b>Time (seconds)</b></td>
<td><b>Instance</b></td>
</tr>
<tr>
<td title='com.testcases.AccountCreation_Test.test_AccountCreation()'><b>test_AccountCreation</b><br>Test class: com.testcases.AccountCreation_Test<br>Parameters: {Zip=11235, Company=Touro, Email=MichealMigggliarooo1997@gmail.com, Address=1698 West 1st Garvesend, FirstName=Michael, Gender=Mr, City=Brooklyn, Month=12, MobileNumber=718-533-5010, Year=1997, State=New York, Country=United States, LastName=Migs, SetPassword=Migzzz25, Day=16}</td>
<td></td>
<td>9</td>
<td>com.testcases.AccountCreation_Test@35dab4eb</td></tr>
<tr>
<td title='com.testcases.AccountCreation_Test.test_AccountCreation()'><b>test_AccountCreation</b><br>Test class: com.testcases.AccountCreation_Test<br>Parameters: {Zip=11236, Company=Mercer, Email=PaulaAssshurovvv1998@gmail.com, Address=1219 Ave Y Homecrest, FirstName=Paula, Gender=Mrs, City=Austin, Month=4, MobileNumber=718-519-9219, Year=1998, State=Texas, Country=United States, LastName=Ashurov, SetPassword=P1219, Day=11}</td>
<td></td>
<td>13</td>
<td>com.testcases.AccountCreation_Test@35dab4eb</td></tr>
<tr>
<td title='com.testcases.AccountCreation_Test.test_AccountCreation()'><b>test_AccountCreation</b><br>Test class: com.testcases.AccountCreation_Test<br>Parameters: {Zip=11237, Company=TelAnalysis, Email=RonyRuuuddd1998@gmail.com, Address=Holon Ave P, FirstName=Rony, Gender=Mr, City=Miami, Month=10, MobileNumber=718-533-5024, Year=1998, State=Florida, Country=United States, LastName=Rud, SetPassword=RonHolon1214, Day=3}</td>
<td></td>
<td>13</td>
<td>com.testcases.AccountCreation_Test@35dab4eb</td></tr>
<tr>
<td title='com.testcases.EndToEnd_Test.EndToEnd_test()'><b>EndToEnd_test</b><br>Test class: com.testcases.EndToEnd_Test<br>Parameters: Dress, 3.0, M</td>
<td></td>
<td>26</td>
<td>com.testcases.EndToEnd_Test@2d901eb0</td></tr>
<tr>
<td title='com.testcases.Order_Test.TotalPrice_Test()'><b>TotalPrice_Test</b><br>Test class: com.testcases.Order_Test<br>Parameters: Dress, 3.0, M</td>
<td></td>
<td>9</td>
<td>com.testcases.Order_Test@8519cb4</td></tr>
<tr>
<td title='com.testcases.AccountCreation_Test.test_AccountCreation()'><b>test_AccountCreation</b><br>Test class: com.testcases.AccountCreation_Test<br>Parameters: {Zip=11237, Company=Baruch, Email=JasssonAsssshurovv2003@gmail.com, Address=1219 Ave Y Homecrest, FirstName=Jason, Gender=Mr, City=Seattle, Month=10, MobileNumber=718-533-5022, Year=2003, State=Washington, Country=United States, LastName=Ashurov, SetPassword=Jay1219, Day=3}</td>
<td></td>
<td>11</td>
<td>com.testcases.AccountCreation_Test@35dab4eb</td></tr>
<tr>
<td title='com.testcases.AddToCart_Test.AddToCart_test()'><b>AddToCart_test</b><br>Test class: com.testcases.AddToCart_Test<br>Parameters: Dress, 3.0, M</td>
<td></td>
<td>15</td>
<td>com.testcases.AddToCart_Test@d737b89</td></tr>
</table><p>
</body>
</html>