<?xml version="1.0" encoding="UTF-8"?>
<!-- Generated by org.testng.reporters.JUnitXMLReporter -->
<testsuite ignored="13" hostname="DESKTOP-SOTA0LM" failures="1" tests="8" name="Regression" time="164.824" errors="0" timestamp="2022-10-06T12:57:36 EDT">
  <testcase classname="com.testcases.AddToCart_Test" name="AddToCart_test" time="15.602"/>
  <testcase classname="com.testcases.Order_Test" name="TotalPrice_Test" time="9.573"/>
  <testcase classname="com.testcases.AccountCreation_Test" name="test_AccountCreation" time="9.834"/>
  <testcase classname="com.testcases.AccountCreation_Test" name="test_AccountCreation" time="13.773"/>
  <testcase classname="com.testcases.AccountCreation_Test" name="test_AccountCreation" time="11.251"/>
  <testcase classname="com.testcases.AccountCreation_Test" name="test_AccountCreation" time="13.767"/>
  <testcase classname="com.testcases.AccountCreation_Test" name="test_AccountCreation" time="25.483">
    <failure type="java.lang.AssertionError" message="expected [http://automationpractice.com/index.php?controller=authentication] but found [http://automationpractice.com/index.php?controller=my-account]">
      <![CDATA[java.lang.AssertionError: expected [http://automationpractice.com/index.php?controller=authentication] but found [http://automationpractice.com/index.php?controller=my-account]
at com.testcases.AccountCreation_Test.test_AccountCreation(AccountCreation_Test.java:72)
at java.base/java.util.ArrayList.forEach(ArrayList.java:1541)
... Removed 33 stack frames]]>
    </failure>
  </testcase> <!-- test_AccountCreation -->
  <testcase classname="com.testcases.EndToEnd_Test" name="EndToEnd_test" time="26.254"/>
  <testcase classname="com.base.Base" name="@BeforeSuite Load_Configuration" time="0.0">
    <ignored/>
  </testcase> <!-- @BeforeSuite Load_Configuration -->
  <testcase classname="com.testcases.SearchResult_Test" name="ProductAvailable_Test" time="0.0">
    <ignored/>
  </testcase> <!-- ProductAvailable_Test -->
  <testcase classname="com.testcases.Login_Test" name="Login_test" time="0.0">
    <ignored/>
  </testcase> <!-- Login_test -->
  <testcase classname="com.testcases.Home_Test" name="WishList_Test" time="0.0">
    <ignored/>
  </testcase> <!-- WishList_Test -->
  <testcase classname="com.base.Base" name="@BeforeSuite Load_Configuration" time="0.0">
    <ignored/>
  </testcase> <!-- @BeforeSuite Load_Configuration -->
  <testcase classname="com.base.Base" name="@BeforeSuite Load_Configuration" time="0.0">
    <ignored/>
  </testcase> <!-- @BeforeSuite Load_Configuration -->
  <testcase classname="com.testcases.Index_Test" name="Logo_Test" time="0.0">
    <ignored/>
  </testcase> <!-- Logo_Test -->
  <testcase classname="com.base.Base" name="@BeforeSuite Load_Configuration" time="0.0">
    <ignored/>
  </testcase> <!-- @BeforeSuite Load_Configuration -->
  <testcase classname="com.base.Base" name="@BeforeSuite Load_Configuration" time="0.0">
    <ignored/>
  </testcase> <!-- @BeforeSuite Load_Configuration -->
  <testcase classname="com.base.Base" name="@BeforeSuite Load_Configuration" time="0.0">
    <ignored/>
  </testcase> <!-- @BeforeSuite Load_Configuration -->
  <testcase classname="com.testcases.Home_Test" name="OrderHistory_Test" time="0.0">
    <ignored/>
  </testcase> <!-- OrderHistory_Test -->
  <testcase classname="com.testcases.Index_Test" name="test_StoreTitle" time="0.0">
    <ignored/>
  </testcase> <!-- test_StoreTitle -->
  <testcase classname="com.base.Base" name="@BeforeSuite Load_Configuration" time="0.0">
    <ignored/>
  </testcase> <!-- @BeforeSuite Load_Configuration -->
</testsuite> <!-- Regression -->
