<?xml version="1.0" encoding="UTF-8"?>
<!-- Generated by org.testng.reporters.JUnitXMLReporter -->
<testsuite ignored="14" hostname="DESKTOP-SOTA0LM" failures="1" tests="14" name="Test_All" time="228.848" errors="0" timestamp="2022-10-06T12:43:48 EDT">
  <testcase classname="com.testcases.SearchResult_Test" name="ProductAvailable_Test" time="2.441"/>
  <testcase classname="com.testcases.Login_Test" name="Login_test" time="5.523"/>
  <testcase classname="com.testcases.Home_Test" name="OrderHistory_Test" time="9.397"/>
  <testcase classname="com.testcases.Home_Test" name="WishList_Test" time="9.454"/>
  <testcase classname="com.testcases.AddToCart_Test" name="AddToCart_test" time="9.028"/>
  <testcase classname="com.testcases.Order_Test" name="TotalPrice_Test" time="5.336"/>
  <testcase classname="com.testcases.AccountCreation_Test" name="test_AccountCreation" time="9.682"/>
  <testcase classname="com.testcases.AccountCreation_Test" name="test_AccountCreation" time="10.584"/>
  <testcase classname="com.testcases.AccountCreation_Test" name="test_AccountCreation" time="11.904"/>
  <testcase classname="com.testcases.AccountCreation_Test" name="test_AccountCreation" time="14.69"/>
  <testcase classname="com.testcases.AccountCreation_Test" name="test_AccountCreation" time="30.511">
    <failure type="java.lang.AssertionError" message="expected [http://automationpractice.com/index.php?controller=authentication] but found [http://automationpractice.com/index.php?controller=my-account]">
      <![CDATA[java.lang.AssertionError: expected [http://automationpractice.com/index.php?controller=authentication] but found [http://automationpractice.com/index.php?controller=my-account]
at com.testcases.AccountCreation_Test.test_AccountCreation(AccountCreation_Test.java:72)
at java.base/java.util.ArrayList.forEach(ArrayList.java:1541)
... Removed 33 stack frames]]>
    </failure>
  </testcase> <!-- test_AccountCreation -->
  <testcase classname="com.testcases.EndToEnd_Test" name="EndToEnd_test" time="33.451"/>
  <testcase classname="com.testcases.Index_Test" name="Logo_Test" time="0.058"/>
  <testcase classname="com.testcases.Index_Test" name="test_StoreTitle" time="0.009"/>
  <testcase classname="com.base.Base" name="@BeforeSuite Load_Configuration" time="0.0">
    <ignored/>
  </testcase> <!-- @BeforeSuite Load_Configuration -->
  <testcase classname="com.base.Base" name="@AfterSuite After_Suite" time="0.0">
    <ignored/>
  </testcase> <!-- @AfterSuite After_Suite -->
  <testcase classname="com.base.Base" name="@AfterSuite After_Suite" time="0.0">
    <ignored/>
  </testcase> <!-- @AfterSuite After_Suite -->
  <testcase classname="com.base.Base" name="@BeforeSuite Load_Configuration" time="0.0">
    <ignored/>
  </testcase> <!-- @BeforeSuite Load_Configuration -->
  <testcase classname="com.base.Base" name="@AfterSuite After_Suite" time="0.0">
    <ignored/>
  </testcase> <!-- @AfterSuite After_Suite -->
  <testcase classname="com.base.Base" name="@BeforeSuite Load_Configuration" time="0.0">
    <ignored/>
  </testcase> <!-- @BeforeSuite Load_Configuration -->
  <testcase classname="com.base.Base" name="@AfterSuite After_Suite" time="0.0">
    <ignored/>
  </testcase> <!-- @AfterSuite After_Suite -->
  <testcase classname="com.base.Base" name="@AfterSuite After_Suite" time="0.0">
    <ignored/>
  </testcase> <!-- @AfterSuite After_Suite -->
  <testcase classname="com.base.Base" name="@AfterSuite After_Suite" time="0.0">
    <ignored/>
  </testcase> <!-- @AfterSuite After_Suite -->
  <testcase classname="com.base.Base" name="@AfterSuite After_Suite" time="0.0">
    <ignored/>
  </testcase> <!-- @AfterSuite After_Suite -->
  <testcase classname="com.base.Base" name="@BeforeSuite Load_Configuration" time="0.0">
    <ignored/>
  </testcase> <!-- @BeforeSuite Load_Configuration -->
  <testcase classname="com.base.Base" name="@BeforeSuite Load_Configuration" time="0.0">
    <ignored/>
  </testcase> <!-- @BeforeSuite Load_Configuration -->
  <testcase classname="com.base.Base" name="@BeforeSuite Load_Configuration" time="0.0">
    <ignored/>
  </testcase> <!-- @BeforeSuite Load_Configuration -->
  <testcase classname="com.base.Base" name="@BeforeSuite Load_Configuration" time="0.0">
    <ignored/>
  </testcase> <!-- @BeforeSuite Load_Configuration -->
</testsuite> <!-- Test_All -->
